# JRE version: Java(TM) SE Runtime Environment (8.0_131-b11) (build 1.8.0_131-b11)
# Java VM: Java HotSpot(TM) 64-Bit Server VM (25.131-b11 mixed mode bsd-amd64 compressed oops)
Heap:
 PSYoungGen      total 76288K, used 41584K [0x000000076ab00000, 0x0000000770000000, 0x00000007c0000000)
  eden space 65536K, 50% used [0x000000076ab00000,0x000000076cb6ee38,0x000000076eb00000)
  from space 10752K, 77% used [0x000000076f580000,0x000000076fdad3e0,0x0000000770000000)
  to   space 10752K, 0% used [0x000000076eb00000,0x000000076eb00000,0x000000076f580000)
 ParOldGen       total 175104K, used 176K [0x00000006c0000000, 0x00000006cab00000, 0x000000076ab00000)
  object space 175104K, 0% used [0x00000006c0000000,0x00000006c002c020,0x00000006cab00000)
 Metaspace       used 16390K, capacity 16595K, committed 16768K, reserved 1064960K
  class space    used 1787K, capacity 1861K, committed 1920K, reserved 1048576K
GC Heap History (8 events):
Event: 8.036 GC heap before
{Heap before GC invocations=1 (full 0):
 PSYoungGen      total 76288K, used 65536K [0x000000076ab00000, 0x0000000770000000, 0x00000007c0000000)
  eden space 65536K, 100% used [0x000000076ab00000,0x000000076eb00000,0x000000076eb00000)
  from space 10752K, 0% used [0x000000076f580000,0x000000076f580000,0x0000000770000000)
  to   space 10752K, 0% used [0x000000076eb00000,0x000000076eb00000,0x000000076f580000)
 ParOldGen       total 175104K, used 0K [0x00000006c0000000, 0x00000006cab00000, 0x000000076ab00000)
  object space 175104K, 0% used [0x00000006c0000000,0x00000006c0000000,0x00000006cab00000)
 Metaspace       used 15895K, capacity 16075K, committed 16256K, reserved 1062912K
  class space    used 1783K, capacity 1861K, committed 1920K, reserved 1048576K
Event: 8.046 GC heap after
Heap after GC invocations=1 (full 0):
 PSYoungGen      total 76288K, used 8409K [0x000000076ab00000, 0x0000000770000000, 0x00000007c0000000)
  eden space 65536K, 0% used [0x000000076ab00000,0x000000076ab00000,0x000000076eb00000)
  from space 10752K, 78% used [0x000000076eb00000,0x000000076f3364e0,0x000000076f580000)
  to   space 10752K, 0% used [0x000000076f580000,0x000000076f580000,0x0000000770000000)
 ParOldGen       total 175104K, used 88K [0x00000006c0000000, 0x00000006cab00000, 0x000000076ab00000)
  object space 175104K, 0% used [0x00000006c0000000,0x00000006c0016010,0x00000006cab00000)
 Metaspace       used 15895K, capacity 16075K, committed 16256K, reserved 1062912K
  class space    used 1783K, capacity 1861K, committed 1920K, reserved 1048576K
}
Event: 12.036 GC heap before
{Heap before GC invocations=2 (full 0):
 PSYoungGen      total 76288K, used 73945K [0x000000076ab00000, 0x0000000770000000, 0x00000007c0000000)
  eden space 65536K, 100% used [0x000000076ab00000,0x000000076eb00000,0x000000076eb00000)
  from space 10752K, 78% used [0x000000076eb00000,0x000000076f3364e0,0x000000076f580000)
  to   space 10752K, 0% used [0x000000076f580000,0x000000076f580000,0x0000000770000000)
 ParOldGen       total 175104K, used 88K [0x00000006c0000000, 0x00000006cab00000, 0x000000076ab00000)
  object space 175104K, 0% used [0x00000006c0000000,0x00000006c0016010,0x00000006cab00000)
 Metaspace       used 16150K, capacity 16331K, committed 16512K, reserved 1064960K
  class space    used 1783K, capacity 1861K, committed 1920K, reserved 1048576K
Event: 12.043 GC heap after
Heap after GC invocations=2 (full 0):
 PSYoungGen      total 76288K, used 5300K [0x000000076ab00000, 0x0000000770000000, 0x00000007c0000000)
  eden space 65536K, 0% used [0x000000076ab00000,0x000000076ab00000,0x000000076eb00000)
  from space 10752K, 49% used [0x000000076f580000,0x000000076faad3e0,0x0000000770000000)
  to   space 10752K, 0% used [0x000000076eb00000,0x000000076eb00000,0x000000076f580000)
 ParOldGen       total 175104K, used 96K [0x00000006c0000000, 0x00000006cab00000, 0x000000076ab00000)
  object space 175104K, 0% used [0x00000006c0000000,0x00000006c0018010,0x00000006cab00000)
 Metaspace       used 16150K, capacity 16331K, committed 16512K, reserved 1064960K
  class space    used 1783K, capacity 1861K, committed 1920K, reserved 1048576K
}
Event: 16.169 GC heap before
{Heap before GC invocations=3 (full 0):
 PSYoungGen      total 76288K, used 70836K [0x000000076ab00000, 0x0000000770000000, 0x00000007c0000000)
  eden space 65536K, 100% used [0x000000076ab00000,0x000000076eb00000,0x000000076eb00000)
  from space 10752K, 49% used [0x000000076f580000,0x000000076faad3e0,0x0000000770000000)
  to   space 10752K, 0% used [0x000000076eb00000,0x000000076eb00000,0x000000076f580000)
 ParOldGen       total 175104K, used 96K [0x00000006c0000000, 0x00000006cab00000, 0x000000076ab00000)
  object space 175104K, 0% used [0x00000006c0000000,0x00000006c0018010,0x00000006cab00000)
 Metaspace       used 16306K, capacity 16467K, committed 16768K, reserved 1064960K
  class space    used 1786K, capacity 1861K, committed 1920K, reserved 1048576K
Event: 16.173 GC heap after
Heap after GC invocations=3 (full 0):
 PSYoungGen      total 76288K, used 6804K [0x000000076ab00000, 0x0000000770000000, 0x00000007c0000000)
  eden space 65536K, 0% used [0x000000076ab00000,0x000000076ab00000,0x000000076eb00000)
  from space 10752K, 63% used [0x000000076eb00000,0x000000076f1a53f0,0x000000076f580000)
  to   space 10752K, 0% used [0x000000076f580000,0x000000076f580000,0x0000000770000000)
 ParOldGen       total 175104K, used 104K [0x00000006c0000000, 0x00000006cab00000, 0x000000076ab00000)
  object space 175104K, 0% used [0x00000006c0000000,0x00000006c001a010,0x00000006cab00000)
 Metaspace       used 16306K, capacity 16467K, committed 16768K, reserved 1064960K
  class space    used 1786K, capacity 1861K, committed 1920K, reserved 1048576K
}
Event: 20.834 GC heap before
{Heap before GC invocations=4 (full 0):
 PSYoungGen      total 76288K, used 72340K [0x000000076ab00000, 0x0000000770000000, 0x00000007c0000000)
  eden space 65536K, 100% used [0x000000076ab00000,0x000000076eb00000,0x000000076eb00000)
  from space 10752K, 63% used [0x000000076eb00000,0x000000076f1a53f0,0x000000076f580000)
  to   space 10752K, 0% used [0x000000076f580000,0x000000076f580000,0x0000000770000000)
 ParOldGen       total 175104K, used 104K [0x00000006c0000000, 0x00000006cab00000, 0x000000076ab00000)
  object space 175104K, 0% used [0x00000006c0000000,0x00000006c001a010,0x00000006cab00000)
 Metaspace       used 16379K, capacity 16595K, committed 16768K, reserved 1064960K
  class space    used 1786K, capacity 1861K, committed 1920K, reserved 1048576K
Event: 20.842 GC heap after
Heap after GC invocations=4 (full 0):
 PSYoungGen      total 76288K, used 8372K [0x000000076ab00000, 0x0000000770000000, 0x00000007c0000000)
  eden space 65536K, 0% used [0x000000076ab00000,0x000000076ab00000,0x000000076eb00000)
  from space 10752K, 77% used [0x000000076f580000,0x000000076fdad3e0,0x0000000770000000)
  to   space 10752K, 0% used [0x000000076eb00000,0x000000076eb00000,0x000000076f580000)
 ParOldGen       total 175104K, used 176K [0x00000006c0000000, 0x00000006cab00000, 0x000000076ab00000)
  object space 175104K, 0% used [0x00000006c0000000,0x00000006c002c020,0x00000006cab00000)
 Metaspace       used 16379K, capacity 16595K, committed 16768K, reserved 1064960K
  class space    used 1786K, capacity 1861K, committed 1920K, reserved 1048576K
}

